# JRE version: Java(TM) SE Runtime Environment (8.0_271-b09) (build 1.8.0_271-b09)
# Java VM: Java HotSpot(TM) 64-Bit Server VM (25.271-b09 mixed mode windows-amd64 compressed oops)
Heap:
 PSYoungGen      total 38400K, used 5090K [0x00000000d5700000, 0x00000000d8180000, 0x0000000100000000)
  eden space 33280K, 0% used [0x00000000d5700000,0x00000000d5700000,0x00000000d7780000)
  from space 5120K, 99% used [0x00000000d7780000,0x00000000d7c788e8,0x00000000d7c80000)
  to   space 5120K, 0% used [0x00000000d7c80000,0x00000000d7c80000,0x00000000d8180000)
 ParOldGen       total 87552K, used 23080K [0x0000000080400000, 0x0000000085980000, 0x00000000d5700000)
  object space 87552K, 26% used [0x0000000080400000,0x0000000081a8a068,0x0000000085980000)
 Metaspace       used 20509K, capacity 21168K, committed 21296K, reserved 1067008K
  class space    used 2680K, capacity 2859K, committed 2944K, reserved 1048576K
GC Heap History (7 events):
Event: 1.720 GC heap before
{Heap before GC invocations=1 (full 0):
 PSYoungGen      total 38400K, used 33280K [0x00000000d5700000, 0x00000000d8180000, 0x0000000100000000)
  eden space 33280K, 100% used [0x00000000d5700000,0x00000000d7780000,0x00000000d7780000)
  from space 5120K, 0% used [0x00000000d7c80000,0x00000000d7c80000,0x00000000d8180000)
  to   space 5120K, 0% used [0x00000000d7780000,0x00000000d7780000,0x00000000d7c80000)
 ParOldGen       total 87552K, used 0K [0x0000000080400000, 0x0000000085980000, 0x00000000d5700000)
  object space 87552K, 0% used [0x0000000080400000,0x0000000080400000,0x0000000085980000)
 Metaspace       used 11042K, capacity 11498K, committed 11648K, reserved 1058816K
  class space    used 1430K, capacity 1566K, committed 1664K, reserved 1048576K
Event: 1.727 GC heap after
Heap after GC invocations=1 (full 0):
 PSYoungGen      total 38400K, used 3424K [0x00000000d5700000, 0x00000000d8180000, 0x0000000100000000)
  eden space 33280K, 0% used [0x00000000d5700000,0x00000000d5700000,0x00000000d7780000)
  from space 5120K, 66% used [0x00000000d7780000,0x00000000d7ad8040,0x00000000d7c80000)
  to   space 5120K, 0% used [0x00000000d7c80000,0x00000000d7c80000,0x00000000d8180000)
 ParOldGen       total 87552K, used 7890K [0x0000000080400000, 0x0000000085980000, 0x00000000d5700000)
  object space 87552K, 9% used [0x0000000080400000,0x0000000080bb4a50,0x0000000085980000)
 Metaspace       used 11042K, capacity 11498K, committed 11648K, reserved 1058816K
  class space    used 1430K, capacity 1566K, committed 1664K, reserved 1048576K
}
Event: 10.460 GC heap before
{Heap before GC invocations=2 (full 0):
 PSYoungGen      total 38400K, used 36704K [0x00000000d5700000, 0x00000000d8180000, 0x0000000100000000)
  eden space 33280K, 100% used [0x00000000d5700000,0x00000000d7780000,0x00000000d7780000)
  from space 5120K, 66% used [0x00000000d7780000,0x00000000d7ad8040,0x00000000d7c80000)
  to   space 5120K, 0% used [0x00000000d7c80000,0x00000000d7c80000,0x00000000d8180000)
 ParOldGen       total 87552K, used 7890K [0x0000000080400000, 0x0000000085980000, 0x00000000d5700000)
  object space 87552K, 9% used [0x0000000080400000,0x0000000080bb4a50,0x0000000085980000)
 Metaspace       used 18197K, capacity 18892K, committed 19072K, reserved 1064960K
  class space    used 2420K, capacity 2591K, committed 2688K, reserved 1048576K
Event: 10.470 GC heap after
Heap after GC invocations=2 (full 0):
 PSYoungGen      total 38400K, used 5090K [0x00000000d5700000, 0x00000000d8180000, 0x0000000100000000)
  eden space 33280K, 0% used [0x00000000d5700000,0x00000000d5700000,0x00000000d7780000)
  from space 5120K, 99% used [0x00000000d7c80000,0x00000000d81788a8,0x00000000d8180000)
  to   space 5120K, 0% used [0x00000000d7780000,0x00000000d7780000,0x00000000d7c80000)
 ParOldGen       total 87552K, used 20754K [0x0000000080400000, 0x0000000085980000, 0x00000000d5700000)
  object space 87552K, 23% used [0x0000000080400000,0x0000000081844920,0x0000000085980000)
 Metaspace       used 18197K, capacity 18892K, committed 19072K, reserved 1064960K
  class space    used 2420K, capacity 2591K, committed 2688K, reserved 1048576K
}
Event: 10.869 GC heap before
{Heap before GC invocations=3 (full 0):
 PSYoungGen      total 38400K, used 14720K [0x00000000d5700000, 0x00000000d8180000, 0x0000000100000000)
  eden space 33280K, 28% used [0x00000000d5700000,0x00000000d6067980,0x00000000d7780000)
  from space 5120K, 99% used [0x00000000d7c80000,0x00000000d81788a8,0x00000000d8180000)
  to   space 5120K, 0% used [0x00000000d7780000,0x00000000d7780000,0x00000000d7c80000)
 ParOldGen       total 87552K, used 20754K [0x0000000080400000, 0x0000000085980000, 0x00000000d5700000)
  object space 87552K, 23% used [0x0000000080400000,0x0000000081844920,0x0000000085980000)
 Metaspace       used 20509K, capacity 21168K, committed 21296K, reserved 1067008K
  class space    used 2680K, capacity 2859K, committed 2944K, reserved 1048576K
Event: 10.875 GC heap after
Heap after GC invocations=3 (full 0):
 PSYoungGen      total 38400K, used 5090K [0x00000000d5700000, 0x00000000d8180000, 0x0000000100000000)
  eden space 33280K, 0% used [0x00000000d5700000,0x00000000d5700000,0x00000000d7780000)
  from space 5120K, 99% used [0x00000000d7780000,0x00000000d7c788e8,0x00000000d7c80000)
  to   space 5120K, 0% used [0x00000000d7c80000,0x00000000d7c80000,0x00000000d8180000)
 ParOldGen       total 87552K, used 23080K [0x0000000080400000, 0x0000000085980000, 0x00000000d5700000)
  object space 87552K, 26% used [0x0000000080400000,0x0000000081a8a068,0x0000000085980000)
 Metaspace       used 20509K, capacity 21168K, committed 21296K, reserved 1067008K
  class space    used 2680K, capacity 2859K, committed 2944K, reserved 1048576K
}
Event: 10.875 GC heap before
{Heap before GC invocations=4 (full 1):
 PSYoungGen      total 38400K, used 5090K [0x00000000d5700000, 0x00000000d8180000, 0x0000000100000000)
  eden space 33280K, 0% used [0x00000000d5700000,0x00000000d5700000,0x00000000d7780000)
  from space 5120K, 99% used [0x00000000d7780000,0x00000000d7c788e8,0x00000000d7c80000)
  to   space 5120K, 0% used [0x00000000d7c80000,0x00000000d7c80000,0x00000000d8180000)
 ParOldGen       total 87552K, used 23080K [0x0000000080400000, 0x0000000085980000, 0x00000000d5700000)
  object space 87552K, 26% used [0x0000000080400000,0x0000000081a8a068,0x0000000085980000)
 Metaspace       used 20509K, capacity 21168K, committed 21296K, reserved 1067008K
  class space    used 2680K, capacity 2859K, committed 2944K, reserved 1048576K

